\BOOKMARK [1][-]{section.1}{\376\377\137\025\212\000}{}% 1
\BOOKMARK [1][-]{section.2}{\376\377\116\011\060\001\150\067\147\054\220\011\142\351\116\016\145\160\143\156\147\145\156\220}{}% 2
\BOOKMARK [2][-]{subsection.2.1}{\376\377\377\010\116\000\377\011\145\160\143\156\147\145\156\220\116\016\150\067\147\054\173\133\220\011}{section.2}% 3
\BOOKMARK [2][-]{subsection.2.2}{\376\377\377\010\116\214\377\011\213\335\230\230\122\006\174\173\145\271\154\325}{section.2}% 4
\BOOKMARK [1][-]{section.3}{\376\377\126\333\060\001\123\330\221\317\133\232\116\111\116\016\155\113\221\317}{}% 5
\BOOKMARK [2][-]{subsection.3.1}{\376\377\377\010\116\000\377\011\131\032\150\067\140\047\143\007\150\007\377\010\000H\0001\377\011}{section.3}% 6
\BOOKMARK [2][-]{subsection.3.2}{\376\377\377\010\116\214\377\011\215\050\221\317\143\007\150\007\377\010\000H\0002\377\011}{section.3}% 7
\BOOKMARK [2][-]{subsection.3.3}{\376\377\377\010\116\011\377\011\154\350\141\017\122\233\221\115\177\156\143\007\150\007\377\010\000H\0003\377\011}{section.3}% 8
\BOOKMARK [2][-]{subsection.3.4}{\376\377\377\010\126\333\377\011\154\350\141\017\122\233\133\306\136\246\143\007\150\007\377\010\000H\0004\377\011}{section.3}% 9
\BOOKMARK [1][-]{section.4}{\376\377\116\224\060\001\213\241\221\317\152\041\127\213\213\276\133\232}{}% 10
\BOOKMARK [2][-]{subsection.4.1}{\376\377\377\010\116\000\377\011\152\041\127\213\0001\377\032\154\350\141\017\122\233\123\273\116\055\137\303\123\026\150\300\232\214\377\010\000H\0001\377\011}{section.4}% 11
\BOOKMARK [2][-]{subsection.4.2}{\376\377\377\010\116\214\377\011\152\041\127\213\0002\377\032\121\205\133\271\215\050\221\317\122\006\123\026\150\300\232\214\377\010\000H\0002\377\011}{section.4}% 12
\BOOKMARK [2][-]{subsection.4.3}{\376\377\377\010\116\011\377\011\152\041\127\213\0003\377\032\154\350\141\017\122\233\121\215\122\006\221\115\150\300\232\214\377\010\000H\0003\377\011}{section.4}% 13
\BOOKMARK [2][-]{subsection.4.4}{\376\377\377\010\126\333\377\011\152\041\127\213\0004\377\032\154\350\141\017\122\233\133\306\136\246\122\006\123\026\150\300\232\214\377\010\000H\0004\377\011}{section.4}% 14
\BOOKMARK [1][-]{section.5}{\376\377\116\000\060\001\143\317\217\360\140\047\176\337\213\241}{}% 15
\BOOKMARK [1][-]{section.6}{\376\377\116\214\060\001\000H\0001\000:\000\040\154\350\141\017\122\233\123\273\116\055\137\303\123\026\145\110\136\224}{}% 16
\BOOKMARK [1][-]{section.7}{\376\377\116\011\060\001\000H\0002\000:\000\040\121\205\133\271\215\050\221\317\122\006\123\026\145\110\136\224}{}% 17
\BOOKMARK [1][-]{section.8}{\376\377\126\333\060\001\000H\0003\000:\000\040\154\350\141\017\122\233\121\215\122\006\221\115\145\110\136\224\000\050\154\064\136\212\145\110\136\224\000\051}{}% 18
\BOOKMARK [1][-]{section.9}{\376\377\116\224\060\001\000H\0004\000:\000\040\154\350\141\017\122\233\133\306\136\246\122\006\123\026\145\110\136\224}{}% 19
\BOOKMARK [1][-]{section.10}{\376\377\116\224\060\001\000H\0004\000:\000\040\154\350\141\017\122\233\133\306\136\246\122\006\123\026\145\110\136\224}{}% 20
\BOOKMARK [1][-]{section.11}{\376\377\121\155\060\001\172\063\120\145\140\047\150\300\232\214}{}% 21
\BOOKMARK [1][-]{section.12}{\376\377\116\000\060\001\150\070\137\303\123\321\163\260\166\204\164\006\213\272\221\315\147\204}{}% 22
\BOOKMARK [1][-]{section.13}{\376\377\0001\000.\0001\000\040\154\350\141\017\122\233\226\366\124\214\176\246\147\137\166\204\133\236\213\301\232\214\213\301}{}% 23
\BOOKMARK [1][-]{section.14}{\376\377\0001\000.\0002\000\040\131\064\220\350\127\204\145\255\166\204\142\123\170\064\116\016\131\032\150\067\140\047\143\320\123\107}{}% 24
\BOOKMARK [1][-]{section.15}{\376\377\0001\000.\0003\000\040\165\050\142\067\220\011\142\351\147\103\177\072\131\061\116\016\000"\210\253\122\250\131\032\150\067\140\047\000"}{}% 25
\BOOKMARK [1][-]{section.16}{\376\377\116\214\060\001\164\006\213\272\215\041\163\056\000:\173\227\154\325\154\273\164\006\166\204\000"\116\015\123\357\200\375\116\011\211\322\000"}{}% 26
\BOOKMARK [1][-]{section.17}{\376\377\0002\000.\0001\000\040\164\006\213\272\150\106\147\266\166\204\147\204\136\372}{}% 27
\BOOKMARK [1][-]{section.18}{\376\377\0002\000.\0002\000\040\127\372\116\216\165\050\142\067\171\217\122\051\166\204\164\006\213\272\143\250\157\024}{}% 28
\BOOKMARK [1][-]{section.19}{\376\377\0002\000.\0003\000\040\142\123\170\064\000"\116\015\123\357\200\375\116\011\211\322\000"\166\204\164\006\213\272\215\357\137\204}{}% 29
\BOOKMARK [1][-]{section.20}{\376\377\116\011\060\001\145\077\173\126\122\033\145\260\000:\116\316\117\233\176\331\117\247\166\321\173\241\122\060\227\000\154\102\117\247\215\113\147\103}{}% 30
\BOOKMARK [1][-]{section.21}{\376\377\0003\000.\0001\000\040\145\057\147\361\116\000\000:\165\050\142\067\123\357\143\247\166\204\173\227\154\325\220\017\146\016\123\026}{}% 31
\BOOKMARK [1][-]{section.22}{\376\377\0003\000.\0002\000\040\145\057\147\361\116\214\000:\120\117\131\175\232\161\122\250\166\204\122\250\140\001\131\032\150\067\140\047\150\007\121\306}{}% 32
\BOOKMARK [1][-]{section.23}{\376\377\0003\000.\0003\000\040\145\057\147\361\116\011\000:\121\154\121\161\116\367\120\074\121\205\133\271\166\204\153\143\124\021\157\300\122\261}{}% 33
\BOOKMARK [1][-]{section.24}{\376\377\0003\000.\0004\000\040\145\057\147\361\126\333\000:\215\350\136\163\123\360\154\350\141\017\122\233\215\046\142\067\116\016\123\117\124\014\154\273\164\006}{}% 34
\BOOKMARK [1][-]{section.25}{\376\377\126\333\060\001\170\024\172\166\134\100\226\120\116\016\147\052\147\145\145\271\124\021}{}% 35
\BOOKMARK [1][-]{section.26}{\376\377\0004\000.\0001\000\040\145\160\143\156\116\016\155\113\136\246\134\100\226\120}{}% 36
\BOOKMARK [1][-]{section.27}{\376\377\0004\000.\0002\000\040\147\072\122\066\213\306\122\053\134\100\226\120}{}% 37
\BOOKMARK [1][-]{section.28}{\376\377\0004\000.\0003\000\040\147\052\147\145\170\024\172\166\145\271\124\021}{}% 38
\BOOKMARK [1][-]{section.29}{\376\377\116\224\060\001\176\323\213\355}{}% 39
