\BOOKMARK [1][-]{section.1}{\376\377\0001\000\040\137\025\212\000}{}% 1
\BOOKMARK [1][-]{section.2}{\376\377\0002\000\040\122\066\136\246\200\314\146\157\060\001\145\207\163\056\126\336\230\176\116\016\170\024\172\166\120\107\213\276}{}% 2
\BOOKMARK [2][-]{subsection.2.1}{\376\377\0002\000.\0001\000\040\164\006\213\272\127\372\170\100\377\032\154\350\141\017\122\233\117\134\116\072\172\000\177\072\215\104\156\220\166\204\136\163\123\360\221\115\177\156\220\073\217\221}{section.2}% 3
\BOOKMARK [3][-]{subsubsection.2.1.1}{\376\377\0002\000.\0001\000.\0001\000\040\154\350\141\017\122\233\166\204\226\366\124\214\140\047\215\050\116\016\172\336\116\211\147\072\122\066}{subsection.2.1}% 4
\BOOKMARK [3][-]{subsubsection.2.1.2}{\376\377\0002\000.\0001\000.\0002\000\040\136\163\123\360\166\204\176\246\147\137\117\030\123\026\152\041\127\213}{subsection.2.1}% 5
\BOOKMARK [2][-]{subsection.2.2}{\376\377\0002\000.\0002\000\040\170\024\172\166\120\107\213\364}{section.2}% 6
\BOOKMARK [3][-]{subsubsection.2.2.1}{\376\377\0002\000.\0002\000.\0001\000\040\120\107\213\364\000H\0001\377\032\154\350\141\017\122\233\123\273\116\055\137\303\123\026\145\110\136\224}{subsection.2.2}% 7
\BOOKMARK [3][-]{subsubsection.2.2.2}{\376\377\0002\000.\0002\000.\0002\000\040\120\107\213\364\000H\0002\377\032\121\205\133\271\215\050\221\317\122\006\123\026\145\110\136\224}{subsection.2.2}% 8
\BOOKMARK [3][-]{subsubsection.2.2.3}{\376\377\0002\000.\0002\000.\0003\000\040\120\107\213\364\000H\0003\377\032\154\350\141\017\122\233\121\215\122\006\221\115\145\110\136\224\377\010\154\064\136\212\145\110\136\224\377\011}{subsection.2.2}% 9
\BOOKMARK [3][-]{subsubsection.2.2.4}{\376\377\0002\000.\0002\000.\0004\000\040\120\107\213\364\000H\0004\377\032\154\350\141\017\122\233\133\306\136\246\122\006\123\026\145\110\136\224}{subsection.2.2}% 10
\BOOKMARK [1][-]{section.3}{\376\377\0003\000\040\150\067\147\054\220\011\142\351\116\016\145\160\143\156\147\145\156\220}{}% 11
\BOOKMARK [2][-]{subsection.3.1}{\376\377\0003\000.\0001\000\040\145\160\143\156\147\145\156\220\116\016\150\067\147\054\173\133\220\011}{section.3}% 12
\BOOKMARK [2][-]{subsection.3.2}{\376\377\0003\000.\0002\000\040\213\335\230\230\122\006\174\173\145\271\154\325}{section.3}% 13
\BOOKMARK [2][-]{subsection.3.3}{\376\377\0003\000.\0003\000\040\123\330\221\317\133\232\116\111\116\016\155\113\221\317}{section.3}% 14
\BOOKMARK [3][-]{subsubsection.3.3.1}{\376\377\0003\000.\0003\000.\0001\000\040\131\032\150\067\140\047\143\007\150\007\377\010\000H\0001\377\011}{subsection.3.3}% 15
\BOOKMARK [3][-]{subsubsection.3.3.2}{\376\377\0003\000.\0003\000.\0002\000\040\215\050\221\317\143\007\150\007\377\010\000H\0002\377\011}{subsection.3.3}% 16
\BOOKMARK [3][-]{subsubsection.3.3.3}{\376\377\0003\000.\0003\000.\0003\000\040\154\350\141\017\122\233\221\115\177\156\143\007\150\007\377\010\000H\0003\377\011}{subsection.3.3}% 17
\BOOKMARK [3][-]{subsubsection.3.3.4}{\376\377\0003\000.\0003\000.\0004\000\040\154\350\141\017\122\233\133\306\136\246\143\007\150\007\377\010\000H\0004\377\011}{subsection.3.3}% 18
\BOOKMARK [2][-]{subsection.3.4}{\376\377\0003\000.\0004\000\040\213\241\221\317\152\041\127\213\213\276\133\232}{section.3}% 19
\BOOKMARK [3][-]{subsubsection.3.4.1}{\376\377\0003\000.\0004\000.\0001\000\040\152\041\127\213\0001\377\032\154\350\141\017\122\233\123\273\116\055\137\303\123\026\150\300\232\214\377\010\000H\0001\377\011}{subsection.3.4}% 20
\BOOKMARK [3][-]{subsubsection.3.4.2}{\376\377\0003\000.\0004\000.\0002\000\040\152\041\127\213\0002\377\032\121\205\133\271\215\050\221\317\122\006\123\026\150\300\232\214\377\010\000H\0002\377\011}{subsection.3.4}% 21
\BOOKMARK [3][-]{subsubsection.3.4.3}{\376\377\0003\000.\0004\000.\0003\000\040\152\041\127\213\0003\377\032\154\350\141\017\122\233\121\215\122\006\221\115\150\300\232\214\377\010\000H\0003\377\011}{subsection.3.4}% 22
\BOOKMARK [3][-]{subsubsection.3.4.4}{\376\377\0003\000.\0004\000.\0004\000\040\152\041\127\213\0004\377\032\154\350\141\017\122\233\133\306\136\246\122\006\123\026\150\300\232\214\377\010\000H\0004\377\011}{subsection.3.4}% 23
\BOOKMARK [1][-]{section.4}{\376\377\0004\000\040\133\236\213\301\122\006\147\220}{}% 24
\BOOKMARK [2][-]{subsection.4.1}{\376\377\0004\000.\0001\000\040\143\317\217\360\140\047\176\337\213\241}{section.4}% 25
\BOOKMARK [2][-]{subsection.4.2}{\376\377\0004\000.\0002\000\040\154\350\141\017\122\233\123\273\116\055\137\303\123\026\145\110\136\224\150\300\232\214}{section.4}% 26
\BOOKMARK [2][-]{subsection.4.3}{\376\377\0004\000.\0003\000\040\121\205\133\271\215\050\221\317\122\006\123\026\145\110\136\224\150\300\232\214}{section.4}% 27
\BOOKMARK [2][-]{subsection.4.4}{\376\377\0004\000.\0004\000\040\154\350\141\017\122\233\121\215\122\006\221\115\145\110\136\224\150\300\232\214}{section.4}% 28
\BOOKMARK [2][-]{subsection.4.5}{\376\377\0004\000.\0005\000\040\154\350\141\017\122\233\133\306\136\246\122\006\123\026\145\110\136\224\150\300\232\214}{section.4}% 29
\BOOKMARK [2][-]{subsection.4.6}{\376\377\0004\000.\0006\000\040\172\063\120\145\140\047\150\300\232\214}{section.4}% 30
\BOOKMARK [1][-]{section.5}{\376\377\0005\000\040\164\006\213\272\147\072\122\066\122\006\147\220}{}% 31
\BOOKMARK [2][-]{subsection.5.1}{\376\377\0005\000.\0001\000\040\154\350\141\017\122\233\123\273\116\055\137\303\123\026\166\204\147\072\122\066\211\343\147\220}{section.5}% 32
\BOOKMARK [3][-]{subsubsection.5.1.1}{\376\377\0005\000.\0001\000.\0001\000\040\117\233\176\331\117\247\176\246\147\137\147\072\122\066}{subsection.5.1}% 33
\BOOKMARK [3][-]{subsubsection.5.1.2}{\376\377\0005\000.\0001\000.\0002\000\040\227\000\154\102\117\247\157\300\122\261\147\072\122\066}{subsection.5.1}% 34
\BOOKMARK [2][-]{subsection.5.2}{\376\377\0005\000.\0002\000\040\121\205\133\271\215\050\221\317\122\006\123\026\166\204\147\072\122\066\211\343\147\220}{section.5}% 35
\BOOKMARK [3][-]{subsubsection.5.2.1}{\376\377\0005\000.\0002\000.\0001\000\040\122\006\176\247\122\006\174\173\166\321\173\241\116\016\135\356\137\002\123\026\124\010\211\304\142\020\147\054}{subsection.5.2}% 36
\BOOKMARK [3][-]{subsubsection.5.2.2}{\376\377\0005\000.\0002\000.\0002\000\040\156\220\131\064\173\133\220\011\116\016\117\341\123\367\146\076\171\072\147\072\122\066}{subsection.5.2}% 37
\BOOKMARK [2][-]{subsection.5.3}{\376\377\0005\000.\0003\000\040\154\350\141\017\122\233\121\215\122\006\221\115\166\204\147\072\122\066\211\343\147\220}{section.5}% 38
\BOOKMARK [3][-]{subsubsection.5.3.1}{\376\377\0005\000.\0003\000.\0001\000\040\154\064\136\212\145\110\136\224\166\204\137\142\142\020\220\073\217\221}{subsection.5.3}% 39
\BOOKMARK [3][-]{subsubsection.5.3.2}{\376\377\0005\000.\0003\000.\0002\000\040\136\163\123\360\117\030\123\026\210\114\116\072\116\016\154\350\141\017\122\233\121\215\221\115\177\156}{subsection.5.3}% 40
\BOOKMARK [2][-]{subsection.5.4}{\376\377\0005\000.\0004\000\040\154\350\141\017\122\233\133\306\136\246\122\006\123\026\166\204\147\072\122\066\211\343\147\220}{section.5}% 41
\BOOKMARK [2][-]{subsection.5.5}{\376\377\0005\000.\0005\000\040\147\072\122\066\140\073\176\323}{section.5}% 42
\BOOKMARK [1][-]{section.6}{\376\377\0006\000\040\176\323\213\272\116\016\213\250\213\272}{}% 43
\BOOKMARK [2][-]{subsection.6.1}{\376\377\0006\000.\0001\000\040\116\073\211\201\123\321\163\260}{section.6}% 44
\BOOKMARK [2][-]{subsection.6.2}{\376\377\0006\000.\0002\000\040\164\006\213\272\215\041\163\056}{section.6}% 45
\BOOKMARK [3][-]{subsubsection.6.2.1}{\376\377\0006\000.\0002\000.\0001\000\040\143\355\171\072\116\206\173\227\154\325\154\273\164\006\166\204\000`\000`\154\064\136\212\145\110\136\224\000'\000'\147\072\122\066}{subsection.6.2}% 46
\BOOKMARK [3][-]{subsubsection.6.2.2}{\376\377\0006\000.\0002\000.\0002\000\040\147\204\136\372\116\206\000`\000`\166\321\173\241\121\262\121\373\040\024\136\163\123\360\124\315\136\224\040\024\165\037\140\001\221\315\147\204\000'\000'\166\204\126\340\147\234\224\376\147\141}{subsection.6.2}% 47
\BOOKMARK [3][-]{subsubsection.6.2.3}{\376\377\0006\000.\0002\000.\0003\000\040\143\320\121\372\116\206\131\032\121\103\154\273\164\006\166\356\150\007\225\364\166\204\147\103\210\141\150\106\147\266}{subsection.6.2}% 48
\BOOKMARK [2][-]{subsection.6.3}{\376\377\0006\000.\0003\000\040\145\077\173\126\124\057\171\072}{section.6}% 49
\BOOKMARK [3][-]{subsubsection.6.3.1}{\376\377\0006\000.\0003\000.\0001\000\040\136\372\172\313\131\032\176\364\136\246\154\273\164\006\145\110\147\234\213\304\117\060\117\123\174\373}{subsection.6.3}% 50
\BOOKMARK [3][-]{subsubsection.6.3.2}{\376\377\0006\000.\0003\000.\0002\000\040\143\242\175\042\135\356\137\002\123\026\166\204\153\143\124\021\157\300\122\261\147\072\122\066}{subsection.6.3}% 51
\BOOKMARK [3][-]{subsubsection.6.3.3}{\376\377\0006\000.\0003\000.\0003\000\040\130\236\137\072\165\050\142\067\133\371\173\227\154\325\166\204\167\345\140\305\147\103\116\016\220\011\142\351\147\103}{subsection.6.3}% 52
\BOOKMARK [3][-]{subsubsection.6.3.4}{\376\377\0006\000.\0003\000.\0004\000\040\136\372\172\313\215\350\136\163\123\360\123\117\124\014\154\273\164\006\147\072\122\066}{subsection.6.3}% 53
\BOOKMARK [2][-]{subsection.6.4}{\376\377\0006\000.\0004\000\040\170\024\172\166\134\100\226\120\116\016\147\052\147\145\145\271\124\021}{section.6}% 54
\BOOKMARK [2][-]{subsection.6.5}{\376\377\0006\000.\0005\000\040\176\323\213\355}{section.6}% 55
